Determining if the pthread_create exist failed with the following output:
Change Dir: /home/student/SFND_Lidar_Obstacle_Detection/build/CMakeFiles/CMakeTmp

Run Build Command:"/usr/bin/make" "cmTC_5d0ca/fast"
/usr/bin/make -f CMakeFiles/cmTC_5d0ca.dir/build.make CMakeFiles/cmTC_5d0ca.dir/build
make[1]: Entering directory '/home/student/SFND_Lidar_Obstacle_Detection/build/CMakeFiles/CMakeTmp'
Building C object CMakeFiles/cmTC_5d0ca.dir/CheckSymbolExists.c.o
/usr/bin/cc     -o CMakeFiles/cmTC_5d0ca.dir/CheckSymbolExists.c.o   -c /home/student/SFND_Lidar_Obstacle_Detection/build/CMakeFiles/CMakeTmp/CheckSymbolExists.c
Linking C executable cmTC_5d0ca
/usr/bin/cmake -E cmake_link_script CMakeFiles/cmTC_5d0ca.dir/link.txt --verbose=1
/usr/bin/cc       CMakeFiles/cmTC_5d0ca.dir/CheckSymbolExists.c.o  -o cmTC_5d0ca -rdynamic 
CMakeFiles/cmTC_5d0ca.dir/CheckSymbolExists.c.o: In function `main':
CheckSymbolExists.c:(.text+0x16): undefined reference to `pthread_create'
collect2: error: ld returned 1 exit status
CMakeFiles/cmTC_5d0ca.dir/build.make:97: recipe for target 'cmTC_5d0ca' failed
make[1]: *** [cmTC_5d0ca] Error 1
make[1]: Leaving directory '/home/student/SFND_Lidar_Obstacle_Detection/build/CMakeFiles/CMakeTmp'
Makefile:126: recipe for target 'cmTC_5d0ca/fast' failed
make: *** [cmTC_5d0ca/fast] Error 2

File /home/student/SFND_Lidar_Obstacle_Detection/build/CMakeFiles/CMakeTmp/CheckSymbolExists.c:
/* */
#include <pthread.h>

int main(int argc, char** argv)
{
  (void)argv;
#ifndef pthread_create
  return ((int*)(&pthread_create))[argc];
#else
  (void)argc;
  return 0;
#endif
}

Determining if the function pthread_create exists in the pthreads failed with the following output:
Change Dir: /home/student/SFND_Lidar_Obstacle_Detection/build/CMakeFiles/CMakeTmp

Run Build Command:"/usr/bin/make" "cmTC_f7c41/fast"
/usr/bin/make -f CMakeFiles/cmTC_f7c41.dir/build.make CMakeFiles/cmTC_f7c41.dir/build
make[1]: Entering directory '/home/student/SFND_Lidar_Obstacle_Detection/build/CMakeFiles/CMakeTmp'
Building C object CMakeFiles/cmTC_f7c41.dir/CheckFunctionExists.c.o
/usr/bin/cc    -DCHECK_FUNCTION_EXISTS=pthread_create   -o CMakeFiles/cmTC_f7c41.dir/CheckFunctionExists.c.o   -c /usr/share/cmake-3.5/Modules/CheckFunctionExists.c
Linking C executable cmTC_f7c41
/usr/bin/cmake -E cmake_link_script CMakeFiles/cmTC_f7c41.dir/link.txt --verbose=1
/usr/bin/cc   -DCHECK_FUNCTION_EXISTS=pthread_create    CMakeFiles/cmTC_f7c41.dir/CheckFunctionExists.c.o  -o cmTC_f7c41 -rdynamic -lpthreads 
/usr/bin/ld: cannot find -lpthreads
collect2: error: ld returned 1 exit status
CMakeFiles/cmTC_f7c41.dir/build.make:97: recipe for target 'cmTC_f7c41' failed
make[1]: *** [cmTC_f7c41] Error 1
make[1]: Leaving directory '/home/student/SFND_Lidar_Obstacle_Detection/build/CMakeFiles/CMakeTmp'
Makefile:126: recipe for target 'cmTC_f7c41/fast' failed
make: *** [cmTC_f7c41/fast] Error 2


